-------------------------------------------------------------------------------
Test set: TestSuite
-------------------------------------------------------------------------------
Tests run: 1, Failures: 1, Errors: 0, Skipped: 0, Time elapsed: 10.18 s <<< FAILURE! - in TestSuite
registerUser(com.selenium.testcases.TC_01_RegisterUser)  Time elapsed: 9.129 s  <<< FAILURE!
java.lang.NullPointerException
	at com.selenium.testcases.TC_01_RegisterUser.registerUser(TC_01_RegisterUser.java:19)

